TN:
SF:index.js
FN:12,readConfig
FN:50,ensureDir
FN:55,listMarkdownFiles
FN:61,(anonymous_3)
FN:63,(anonymous_4)
FN:69,baseTemplate
FN:97,build
FN:107,(anonymous_7)
FN:117,(anonymous_8)
FN:149,(anonymous_9)
FNF:10
FNH:10
FNDA:1,readConfig
FNDA:1,ensureDir
FNDA:2,listMarkdownFiles
FNDA:6,(anonymous_3)
FNDA:4,(anonymous_4)
FNDA:4,baseTemplate
FNDA:1,build
FNDA:2,(anonymous_7)
FNDA:2,(anonymous_8)
FNDA:2,(anonymous_9)
DA:3,1
DA:5,1
DA:7,1
DA:14,1
DA:28,1
DA:30,1
DA:32,1
DA:34,1
DA:36,1
DA:40,0
DA:46,0
DA:50,1
DA:57,2
DA:59,2
DA:61,6
DA:63,4
DA:71,4
DA:99,1
DA:101,1
DA:105,1
DA:107,1
DA:109,2
DA:111,2
DA:117,1
DA:119,2
DA:121,2
DA:123,2
DA:135,2
DA:141,1
DA:151,2
DA:153,2
DA:159,1
DA:161,1
DA:168,1
DA:170,0
DA:172,0
DA:174,0
DA:176,0
DA:178,0
DA:182,0
DA:199,1
LF:41
LH:33
BRDA:30,0,0,1
BRDA:30,0,1,0
BRDA:50,1,0,1
BRDA:50,1,1,0
BRDA:57,2,0,0
BRDA:57,2,1,2
BRDA:77,3,0,4
BRDA:77,3,1,0
BRDA:87,4,0,4
BRDA:87,4,1,0
BRDA:89,5,0,4
BRDA:89,5,1,0
BRDA:168,6,0,0
BRDA:168,6,1,1
BRDA:172,7,0,0
BRDA:172,7,1,0
BRDA:176,8,0,0
BRDA:176,8,1,0
BRF:18
BRH:7
end_of_record
